<?xml version="1.0" encoding="UTF-8"?>
<testng-results skipped="0" failed="0" ignored="0" total="1" passed="1">
  <reporter-output>
  </reporter-output>
  <suite name="Default suite" duration-ms="15639" started-at="2018-07-17T06:54:09Z" finished-at="2018-07-17T06:54:25Z">
    <groups>
    </groups>
    <test name="Default test" duration-ms="15639" started-at="2018-07-17T06:54:09Z" finished-at="2018-07-17T06:54:25Z">
      <class name="first_project.class1">
        <test-method status="PASS" signature="open_driver()[pri:0, instance:first_project.class1@59fa1d9b]" name="open_driver" duration-ms="15592" started-at="2018-07-17T06:54:09Z" finished-at="2018-07-17T06:54:25Z">
          <reporter-output>
          </reporter-output>
        </test-method> <!-- open_driver -->
      </class> <!-- first_project.class1 -->
    </test> <!-- Default test -->
  </suite> <!-- Default suite -->
</testng-results>
